2025-08-09 21:01:52,716 - semantic_rag_pipeline - INFO - Logging initialized for experiment: semantic_rag_pipeline_20250809_210152_a01bc757
2025-08-09 21:01:52,716 - semantic_rag_pipeline - INFO - Config: {'name': 'semantic_rag_pipeline', 'description': 'Semantic graph traversal RAG system', 'version': '1.0.0', 'tags': ['semantic_chunking', 'graph_traversal', 'rag']}
2025-08-09 21:01:52,716 - semantic_rag_pipeline - WARNING - ⚠️  Low memory: 4.6GB available, 8GB recommended
2025-08-09 21:01:52,716 - semantic_rag_pipeline - INFO - System: Darwin arm64
2025-08-09 21:01:52,716 - semantic_rag_pipeline - INFO - Python: 3.12.3 (v3.12.3:f6650f9ad7, Apr  9 2024, 08:18:47) [Clang 13.0.0 (clang-1300.0.29.30)]
2025-08-09 21:01:52,716 - semantic_rag_pipeline - INFO - Memory: 4.6GB available
2025-08-09 21:01:52,716 - semantic_rag_pipeline - INFO - Disk: 33.5GB free
2025-08-09 21:01:52,716 - semantic_rag_pipeline - INFO - Device configured: mps
2025-08-09 21:01:52,716 - semantic_rag_pipeline - INFO - Configuration validation passed
2025-08-09 21:01:52,716 - semantic_rag_pipeline - INFO - Phase 1 completed - Experiment ID: semantic_rag_pipeline_20250809_210152_a01bc757
2025-08-09 21:01:52,728 - semantic_rag_pipeline - INFO - Loaded 39 cached articles
2025-08-09 21:01:52,728 - semantic_rag_pipeline - INFO -   Sentences: 7,815
2025-08-09 21:01:52,728 - semantic_rag_pipeline - INFO -   Words: 178,196
2025-08-09 21:01:52,728 - semantic_rag_pipeline - INFO - 🧠 Starting Phase 3: Embedding Generation
2025-08-09 21:01:52,728 - semantic_rag_pipeline - INFO - ✂️  Creating chunks from articles
2025-08-09 21:01:52,728 - semantic_rag_pipeline - INFO - Creating sliding window chunks: window_size=3, overlap=1, step_size=2
2025-08-09 21:01:52,822 - semantic_rag_pipeline - INFO - Created 3899 chunks from 39 articles
2025-08-09 21:01:52,832 - semantic_rag_pipeline - INFO - 📊 Chunk Statistics:
2025-08-09 21:01:52,832 - semantic_rag_pipeline - INFO -    Total chunks: 3,899
2025-08-09 21:01:52,832 - semantic_rag_pipeline - INFO -    From articles: 36
2025-08-09 21:01:52,832 - semantic_rag_pipeline - INFO -    Avg chunks/article: 108.3
2025-08-09 21:01:52,832 - semantic_rag_pipeline - INFO -    Avg words/chunk: 63.1
2025-08-09 21:01:52,832 - semantic_rag_pipeline - INFO -    Avg sentences/chunk: 3.0
2025-08-09 21:01:52,832 - semantic_rag_pipeline - INFO - ✨ Generating embeddings for all models
2025-08-09 21:01:52,832 - semantic_rag_pipeline - INFO - EmbeddingEngine initialized with device: mps
2025-08-09 21:01:52,832 - semantic_rag_pipeline - INFO - Processing model: sentence-transformers/all-mpnet-base-v2
2025-08-09 21:01:53,594 - semantic_rag_pipeline - INFO - Loading cached embeddings for sentence-transformers/all-mpnet-base-v2
2025-08-09 21:01:54,373 - semantic_rag_pipeline - INFO - Processing model: sentence-transformers/all-MiniLM-L6-v2
2025-08-09 21:01:54,723 - semantic_rag_pipeline - INFO - Loading cached embeddings for sentence-transformers/all-MiniLM-L6-v2
2025-08-09 21:01:55,124 - semantic_rag_pipeline - INFO - 📈 Embedding Statistics:
2025-08-09 21:01:55,124 - semantic_rag_pipeline - INFO -    sentence-transformers/all-mpnet-base-v2:
2025-08-09 21:01:55,124 - semantic_rag_pipeline - INFO -       Chunks: 3,899
2025-08-09 21:01:55,124 - semantic_rag_pipeline - INFO -       Dimensions: 768
2025-08-09 21:01:55,124 - semantic_rag_pipeline - INFO -       Mean norm: 1.000
2025-08-09 21:01:55,124 - semantic_rag_pipeline - INFO -       Std norm: 0.000
2025-08-09 21:01:55,124 - semantic_rag_pipeline - INFO -    sentence-transformers/all-MiniLM-L6-v2:
2025-08-09 21:01:55,124 - semantic_rag_pipeline - INFO -       Chunks: 3,899
2025-08-09 21:01:55,124 - semantic_rag_pipeline - INFO -       Dimensions: 384
2025-08-09 21:01:55,124 - semantic_rag_pipeline - INFO -       Mean norm: 1.000
2025-08-09 21:01:55,124 - semantic_rag_pipeline - INFO -       Std norm: 0.000
2025-08-09 21:01:55,124 - semantic_rag_pipeline - INFO - ✅ Phase 3 completed successfully
2025-08-09 21:01:55,124 - semantic_rag_pipeline - INFO - 🕰 Starting Phase 4: Similarity Matrix Construction
2025-08-09 21:01:55,124 - semantic_rag_pipeline - INFO - 🔗 Initializing similarity engine
2025-08-09 21:01:55,124 - semantic_rag_pipeline - INFO - 🎯 Computing similarity matrices for 2 models
2025-08-09 21:01:55,124 - semantic_rag_pipeline - INFO - Computing similarities for model: sentence-transformers/all-mpnet-base-v2
2025-08-09 21:01:55,126 - semantic_rag_pipeline - INFO - Loading cached similarities for sentence-transformers/all-mpnet-base-v2
2025-08-09 21:01:55,132 - semantic_rag_pipeline - INFO - Successfully loaded 3 similarity matrices from cache
2025-08-09 21:01:55,132 - semantic_rag_pipeline - INFO - Computing similarities for model: sentence-transformers/all-MiniLM-L6-v2
2025-08-09 21:01:55,134 - semantic_rag_pipeline - INFO - Loading cached similarities for sentence-transformers/all-MiniLM-L6-v2
2025-08-09 21:01:55,139 - semantic_rag_pipeline - INFO - Successfully loaded 3 similarity matrices from cache
2025-08-09 21:01:55,139 - semantic_rag_pipeline - INFO - 📊 Similarity Matrix Statistics:
2025-08-09 21:01:55,139 - semantic_rag_pipeline - INFO -    sentence-transformers/all-mpnet-base-v2:
2025-08-09 21:01:55,139 - semantic_rag_pipeline - INFO -       Total chunks: 3,899
2025-08-09 21:01:55,139 - semantic_rag_pipeline - INFO -       Intra-document connections: 38,852
2025-08-09 21:01:55,139 - semantic_rag_pipeline - INFO -       Inter-document connections: 19,495
2025-08-09 21:01:55,139 - semantic_rag_pipeline - INFO -       Total connections: 58,347
2025-08-09 21:01:55,139 - semantic_rag_pipeline - INFO -       Sparsity ratio: 0.003839
2025-08-09 21:01:55,139 - semantic_rag_pipeline - INFO -       Memory usage: 0.7 MB
2025-08-09 21:01:55,139 - semantic_rag_pipeline - INFO -       Computation time: 1.51s
2025-08-09 21:01:55,139 - semantic_rag_pipeline - INFO -       Matrix shape: (3899, 3899)
2025-08-09 21:01:55,139 - semantic_rag_pipeline - INFO -       Non-zero entries: 58,347
2025-08-09 21:01:55,139 - semantic_rag_pipeline - INFO -       Matrix density: 0.00383806
2025-08-09 21:01:55,139 - semantic_rag_pipeline - INFO -    sentence-transformers/all-MiniLM-L6-v2:
2025-08-09 21:01:55,139 - semantic_rag_pipeline - INFO -       Total chunks: 3,899
2025-08-09 21:01:55,139 - semantic_rag_pipeline - INFO -       Intra-document connections: 38,852
2025-08-09 21:01:55,140 - semantic_rag_pipeline - INFO -       Inter-document connections: 19,495
2025-08-09 21:01:55,140 - semantic_rag_pipeline - INFO -       Total connections: 58,347
2025-08-09 21:01:55,140 - semantic_rag_pipeline - INFO -       Sparsity ratio: 0.003839
2025-08-09 21:01:55,140 - semantic_rag_pipeline - INFO -       Memory usage: 0.7 MB
2025-08-09 21:01:55,140 - semantic_rag_pipeline - INFO -       Computation time: 1.45s
2025-08-09 21:01:55,140 - semantic_rag_pipeline - INFO -       Matrix shape: (3899, 3899)
2025-08-09 21:01:55,140 - semantic_rag_pipeline - INFO -       Non-zero entries: 58,347
2025-08-09 21:01:55,140 - semantic_rag_pipeline - INFO -       Matrix density: 0.00383806
2025-08-09 21:01:55,140 - semantic_rag_pipeline - INFO - ✅ Phase 4 completed successfully
2025-08-09 21:01:55,140 - semantic_rag_pipeline - INFO - 🏗️  Starting Phase 5: Knowledge Graph Construction
2025-08-09 21:01:55,140 - semantic_rag_pipeline - INFO - 📂 Loading cached knowledge graph
2025-08-09 21:02:12,384 - semantic_rag_pipeline - INFO - 📊 Knowledge Graph Statistics:
2025-08-09 21:02:12,385 - semantic_rag_pipeline - INFO -    Total nodes: 3,935
2025-08-09 21:02:12,385 - semantic_rag_pipeline - INFO -    Total relationships: 3,790,758
2025-08-09 21:02:12,385 - semantic_rag_pipeline - INFO -    Node types: {'document': 36, 'chunk': 3899}
2025-08-09 21:02:12,385 - semantic_rag_pipeline - INFO -    Relationship types: {'contains': 3899, 'entity_similarity': 255192, 'thematic_similarity': 3531667}
2025-08-09 21:02:12,385 - semantic_rag_pipeline - INFO -    Build time: 28.16s
2025-08-09 21:02:12,385 - semantic_rag_pipeline - INFO - 🎯 Initializing enhanced retrieval engine with knowledge graph
2025-08-09 21:02:12,385 - semantic_rag_pipeline - INFO - Initializing retrieval engine with algorithm: semantic_traversal
2025-08-09 21:02:12,402 - semantic_rag_pipeline - INFO - Retrieval engine initialized successfully
2025-08-09 21:02:12,402 - semantic_rag_pipeline - INFO - 📊 Enhanced Retrieval Engine Statistics:
2025-08-09 21:02:12,402 - semantic_rag_pipeline - INFO -    Algorithm: semantic_traversal
2025-08-09 21:02:12,402 - semantic_rag_pipeline - INFO -    Models available: ['sentence-transformers/all-mpnet-base-v2', 'sentence-transformers/all-MiniLM-L6-v2']
2025-08-09 21:02:12,402 - semantic_rag_pipeline - INFO -    Knowledge graph enabled: True
2025-08-09 21:02:12,402 - semantic_rag_pipeline - INFO -    sentence-transformers/all-mpnet-base-v2: 3,899 chunks
2025-08-09 21:02:12,402 - semantic_rag_pipeline - INFO -    sentence-transformers/all-MiniLM-L6-v2: 3,899 chunks
2025-08-09 21:02:12,402 - semantic_rag_pipeline - INFO -    Traversal config:
2025-08-09 21:02:12,402 - semantic_rag_pipeline - INFO -       Max hops: 3
2025-08-09 21:02:12,402 - semantic_rag_pipeline - INFO -       Num anchors: 3
2025-08-09 21:02:12,402 - semantic_rag_pipeline - INFO -       Similarity threshold: 0.3
2025-08-09 21:02:12,402 - semantic_rag_pipeline - INFO -       Max results: 10
2025-08-09 21:02:12,402 - semantic_rag_pipeline - INFO - ✅ Phase 5 completed successfully
2025-08-09 21:02:12,625 - semantic_rag_pipeline - INFO - Retrieving for query using semantic_traversal: 'What is machine learning?...'
2025-08-09 21:02:12,625 - semantic_rag_pipeline - INFO - Using device: mps
2025-08-09 21:02:12,625 - semantic_rag_pipeline - INFO - Loading embedding model: sentence-transformers/all-mpnet-base-v2
2025-08-09 21:02:14,861 - semantic_rag_pipeline - INFO - Model loaded successfully in 2.24s
2025-08-09 21:02:14,861 - semantic_rag_pipeline - INFO - Embedding dimension: 768
2025-08-09 21:02:15,245 - semantic_rag_pipeline - INFO - Found 3 anchor points
2025-08-09 21:02:15,249 - semantic_rag_pipeline - INFO - Collected 12 chunks, 9 unique
2025-08-09 21:02:15,249 - semantic_rag_pipeline - INFO - Using device: mps
2025-08-09 21:02:15,249 - semantic_rag_pipeline - INFO - Loading embedding model: sentence-transformers/all-mpnet-base-v2
2025-08-09 21:02:16,611 - semantic_rag_pipeline - INFO - Model loaded successfully in 1.36s
2025-08-09 21:02:16,612 - semantic_rag_pipeline - INFO - Embedding dimension: 768
2025-08-09 21:02:16,648 - semantic_rag_pipeline - INFO - Semantic traversal completed: 9 results in 4.024s
2025-08-09 21:02:16,648 - semantic_rag_pipeline - INFO - Retrieving for query using baseline_vector: 'What is machine learning?...'
2025-08-09 21:02:16,648 - semantic_rag_pipeline - INFO - Using device: mps
2025-08-09 21:02:16,648 - semantic_rag_pipeline - INFO - Loading embedding model: sentence-transformers/all-mpnet-base-v2
2025-08-09 21:02:18,030 - semantic_rag_pipeline - INFO - Model loaded successfully in 1.38s
2025-08-09 21:02:18,030 - semantic_rag_pipeline - INFO - Embedding dimension: 768
2025-08-09 21:02:18,079 - semantic_rag_pipeline - INFO - Retrieving for query using semantic_traversal: 'How do neural networks work?...'
2025-08-09 21:02:18,079 - semantic_rag_pipeline - INFO - Using device: mps
2025-08-09 21:02:18,079 - semantic_rag_pipeline - INFO - Loading embedding model: sentence-transformers/all-mpnet-base-v2
2025-08-09 21:02:19,463 - semantic_rag_pipeline - INFO - Model loaded successfully in 1.38s
2025-08-09 21:02:19,463 - semantic_rag_pipeline - INFO - Embedding dimension: 768
2025-08-09 21:02:19,531 - semantic_rag_pipeline - INFO - Found 3 anchor points
2025-08-09 21:02:19,533 - semantic_rag_pipeline - INFO - Collected 12 chunks, 4 unique
2025-08-09 21:02:19,533 - semantic_rag_pipeline - INFO - Using device: mps
2025-08-09 21:02:19,533 - semantic_rag_pipeline - INFO - Loading embedding model: sentence-transformers/all-mpnet-base-v2
2025-08-09 21:02:21,295 - semantic_rag_pipeline - INFO - Model loaded successfully in 1.76s
2025-08-09 21:02:21,295 - semantic_rag_pipeline - INFO - Embedding dimension: 768
2025-08-09 21:02:21,345 - semantic_rag_pipeline - INFO - Semantic traversal completed: 4 results in 3.266s
2025-08-09 21:02:21,346 - semantic_rag_pipeline - INFO - Retrieving for query using baseline_vector: 'How do neural networks work?...'
2025-08-09 21:02:21,346 - semantic_rag_pipeline - INFO - Using device: mps
2025-08-09 21:02:21,346 - semantic_rag_pipeline - INFO - Loading embedding model: sentence-transformers/all-mpnet-base-v2
2025-08-09 21:02:24,984 - semantic_rag_pipeline - INFO - Model loaded successfully in 3.64s
2025-08-09 21:02:24,986 - semantic_rag_pipeline - INFO - Embedding dimension: 768
2025-08-09 21:02:25,039 - semantic_rag_pipeline - INFO - Retrieving for query using semantic_traversal: 'What are the applications of artificial intelligen...'
2025-08-09 21:02:25,039 - semantic_rag_pipeline - INFO - Using device: mps
2025-08-09 21:02:25,039 - semantic_rag_pipeline - INFO - Loading embedding model: sentence-transformers/all-mpnet-base-v2
2025-08-09 21:02:27,912 - semantic_rag_pipeline - INFO - Model loaded successfully in 2.87s
2025-08-09 21:02:27,912 - semantic_rag_pipeline - INFO - Embedding dimension: 768
2025-08-09 21:02:27,973 - semantic_rag_pipeline - INFO - Found 3 anchor points
2025-08-09 21:02:27,976 - semantic_rag_pipeline - INFO - Collected 12 chunks, 9 unique
2025-08-09 21:02:27,976 - semantic_rag_pipeline - INFO - Using device: mps
2025-08-09 21:02:27,976 - semantic_rag_pipeline - INFO - Loading embedding model: sentence-transformers/all-mpnet-base-v2
2025-08-09 21:02:29,344 - semantic_rag_pipeline - INFO - Model loaded successfully in 1.37s
2025-08-09 21:02:29,345 - semantic_rag_pipeline - INFO - Embedding dimension: 768
2025-08-09 21:02:29,376 - semantic_rag_pipeline - INFO - Semantic traversal completed: 9 results in 4.338s
2025-08-09 21:02:29,377 - semantic_rag_pipeline - INFO - Retrieving for query using baseline_vector: 'What are the applications of artificial intelligen...'
2025-08-09 21:02:29,377 - semantic_rag_pipeline - INFO - Using device: mps
2025-08-09 21:02:29,377 - semantic_rag_pipeline - INFO - Loading embedding model: sentence-transformers/all-mpnet-base-v2
2025-08-09 21:02:30,733 - semantic_rag_pipeline - INFO - Model loaded successfully in 1.36s
2025-08-09 21:02:30,735 - semantic_rag_pipeline - INFO - Embedding dimension: 768
2025-08-09 21:02:30,783 - semantic_rag_pipeline - INFO - Retrieving for query using semantic_traversal: 'Explain deep learning algorithms...'
2025-08-09 21:02:30,783 - semantic_rag_pipeline - INFO - Using device: mps
2025-08-09 21:02:30,783 - semantic_rag_pipeline - INFO - Loading embedding model: sentence-transformers/all-mpnet-base-v2
2025-08-09 21:02:32,100 - semantic_rag_pipeline - INFO - Model loaded successfully in 1.32s
2025-08-09 21:02:32,100 - semantic_rag_pipeline - INFO - Embedding dimension: 768
2025-08-09 21:02:32,155 - semantic_rag_pipeline - INFO - Found 3 anchor points
2025-08-09 21:02:32,157 - semantic_rag_pipeline - INFO - Collected 12 chunks, 11 unique
2025-08-09 21:02:32,157 - semantic_rag_pipeline - INFO - Using device: mps
2025-08-09 21:02:32,157 - semantic_rag_pipeline - INFO - Loading embedding model: sentence-transformers/all-mpnet-base-v2
2025-08-09 21:02:33,979 - semantic_rag_pipeline - INFO - Model loaded successfully in 1.82s
2025-08-09 21:02:33,979 - semantic_rag_pipeline - INFO - Embedding dimension: 768
2025-08-09 21:02:34,028 - semantic_rag_pipeline - INFO - Semantic traversal completed: 10 results in 3.245s
2025-08-09 21:02:34,028 - semantic_rag_pipeline - INFO - Retrieving for query using baseline_vector: 'Explain deep learning algorithms...'
2025-08-09 21:02:34,028 - semantic_rag_pipeline - INFO - Using device: mps
2025-08-09 21:02:34,028 - semantic_rag_pipeline - INFO - Loading embedding model: sentence-transformers/all-mpnet-base-v2
2025-08-09 21:02:35,349 - semantic_rag_pipeline - INFO - Model loaded successfully in 1.32s
2025-08-09 21:02:35,349 - semantic_rag_pipeline - INFO - Embedding dimension: 768
