2025-08-10 07:15:40,124 - semantic_rag_pipeline - INFO - Logging initialized for experiment: semantic_rag_pipeline_20250810_071540_d457aae3
2025-08-10 07:15:40,124 - semantic_rag_pipeline - INFO - Config: {'name': 'semantic_rag_pipeline', 'description': 'Semantic graph traversal RAG system', 'version': '1.0.0', 'tags': ['semantic_chunking', 'graph_traversal', 'rag']}
2025-08-10 07:15:40,124 - semantic_rag_pipeline - WARNING - ⚠️  Low memory: 5.3GB available, 8GB recommended
2025-08-10 07:15:40,124 - semantic_rag_pipeline - INFO - System: Darwin arm64
2025-08-10 07:15:40,124 - semantic_rag_pipeline - INFO - Python: 3.12.3 (v3.12.3:f6650f9ad7, Apr  9 2024, 08:18:47) [Clang 13.0.0 (clang-1300.0.29.30)]
2025-08-10 07:15:40,124 - semantic_rag_pipeline - INFO - Memory: 5.3GB available
2025-08-10 07:15:40,124 - semantic_rag_pipeline - INFO - Disk: 34.7GB free
2025-08-10 07:15:40,124 - semantic_rag_pipeline - INFO - Device configured: mps
2025-08-10 07:15:40,124 - semantic_rag_pipeline - INFO - Configuration validation passed
2025-08-10 07:15:40,124 - semantic_rag_pipeline - INFO - Phase 1 completed - Experiment ID: semantic_rag_pipeline_20250810_071540_d457aae3
2025-08-10 07:15:40,138 - semantic_rag_pipeline - INFO - Loaded 39 cached articles
2025-08-10 07:15:40,138 - semantic_rag_pipeline - INFO -   Sentences: 7,815
2025-08-10 07:15:40,138 - semantic_rag_pipeline - INFO -   Words: 178,196
2025-08-10 07:15:40,138 - semantic_rag_pipeline - INFO - 🧠 Starting Phase 3: Embedding Generation
2025-08-10 07:15:40,138 - semantic_rag_pipeline - INFO - ✂️  Creating chunks from articles
2025-08-10 07:15:40,138 - semantic_rag_pipeline - INFO - Creating sliding window chunks: window_size=3, overlap=1, step_size=2
2025-08-10 07:15:40,239 - semantic_rag_pipeline - INFO - Created 3899 chunks from 39 articles
2025-08-10 07:15:40,249 - semantic_rag_pipeline - INFO - 📊 Chunk Statistics:
2025-08-10 07:15:40,249 - semantic_rag_pipeline - INFO -    Total chunks: 3,899
2025-08-10 07:15:40,249 - semantic_rag_pipeline - INFO -    From articles: 36
2025-08-10 07:15:40,249 - semantic_rag_pipeline - INFO -    Avg chunks/article: 108.3
2025-08-10 07:15:40,249 - semantic_rag_pipeline - INFO -    Avg words/chunk: 63.1
2025-08-10 07:15:40,249 - semantic_rag_pipeline - INFO -    Avg sentences/chunk: 3.0
2025-08-10 07:15:40,249 - semantic_rag_pipeline - INFO - ✨ Generating embeddings for all models
2025-08-10 07:15:40,249 - semantic_rag_pipeline - INFO - EmbeddingEngine initialized with device: mps
2025-08-10 07:15:40,249 - semantic_rag_pipeline - INFO - Processing model: sentence-transformers/all-mpnet-base-v2
2025-08-10 07:15:41,039 - semantic_rag_pipeline - INFO - Loading cached embeddings for sentence-transformers/all-mpnet-base-v2
2025-08-10 07:15:41,850 - semantic_rag_pipeline - INFO - Processing model: sentence-transformers/all-MiniLM-L6-v2
2025-08-10 07:15:42,210 - semantic_rag_pipeline - INFO - Loading cached embeddings for sentence-transformers/all-MiniLM-L6-v2
2025-08-10 07:15:42,627 - semantic_rag_pipeline - INFO - 📈 Embedding Statistics:
2025-08-10 07:15:42,627 - semantic_rag_pipeline - INFO -    sentence-transformers/all-mpnet-base-v2:
2025-08-10 07:15:42,627 - semantic_rag_pipeline - INFO -       Chunks: 3,899
2025-08-10 07:15:42,627 - semantic_rag_pipeline - INFO -       Dimensions: 768
2025-08-10 07:15:42,627 - semantic_rag_pipeline - INFO -       Mean norm: 1.000
2025-08-10 07:15:42,627 - semantic_rag_pipeline - INFO -       Std norm: 0.000
2025-08-10 07:15:42,627 - semantic_rag_pipeline - INFO -    sentence-transformers/all-MiniLM-L6-v2:
2025-08-10 07:15:42,627 - semantic_rag_pipeline - INFO -       Chunks: 3,899
2025-08-10 07:15:42,627 - semantic_rag_pipeline - INFO -       Dimensions: 384
2025-08-10 07:15:42,627 - semantic_rag_pipeline - INFO -       Mean norm: 1.000
2025-08-10 07:15:42,627 - semantic_rag_pipeline - INFO -       Std norm: 0.000
2025-08-10 07:15:42,627 - semantic_rag_pipeline - INFO - ✅ Phase 3 completed successfully
2025-08-10 07:15:42,627 - semantic_rag_pipeline - INFO - 🕰 Starting Phase 4: Similarity Matrix Construction
2025-08-10 07:15:42,627 - semantic_rag_pipeline - INFO - 🔗 Initializing similarity engine
2025-08-10 07:15:42,628 - semantic_rag_pipeline - INFO - 🎯 Computing similarity matrices for 2 models
2025-08-10 07:15:42,628 - semantic_rag_pipeline - INFO - Computing similarities for model: sentence-transformers/all-mpnet-base-v2
2025-08-10 07:15:42,629 - semantic_rag_pipeline - INFO - Loading cached similarities for sentence-transformers/all-mpnet-base-v2
2025-08-10 07:15:42,636 - semantic_rag_pipeline - INFO - Successfully loaded 3 similarity matrices from cache
2025-08-10 07:15:42,636 - semantic_rag_pipeline - INFO - Computing similarities for model: sentence-transformers/all-MiniLM-L6-v2
2025-08-10 07:15:42,637 - semantic_rag_pipeline - INFO - Loading cached similarities for sentence-transformers/all-MiniLM-L6-v2
2025-08-10 07:15:42,643 - semantic_rag_pipeline - INFO - Successfully loaded 3 similarity matrices from cache
2025-08-10 07:15:42,643 - semantic_rag_pipeline - INFO - 📊 Similarity Matrix Statistics:
2025-08-10 07:15:42,643 - semantic_rag_pipeline - INFO -    sentence-transformers/all-mpnet-base-v2:
2025-08-10 07:15:42,643 - semantic_rag_pipeline - INFO -       Total chunks: 3,899
2025-08-10 07:15:42,643 - semantic_rag_pipeline - INFO -       Intra-document connections: 38,852
2025-08-10 07:15:42,643 - semantic_rag_pipeline - INFO -       Inter-document connections: 19,495
2025-08-10 07:15:42,643 - semantic_rag_pipeline - INFO -       Total connections: 58,347
2025-08-10 07:15:42,643 - semantic_rag_pipeline - INFO -       Sparsity ratio: 0.003839
2025-08-10 07:15:42,643 - semantic_rag_pipeline - INFO -       Memory usage: 0.7 MB
2025-08-10 07:15:42,643 - semantic_rag_pipeline - INFO -       Computation time: 1.51s
2025-08-10 07:15:42,643 - semantic_rag_pipeline - INFO -       Matrix shape: (3899, 3899)
2025-08-10 07:15:42,643 - semantic_rag_pipeline - INFO -       Non-zero entries: 58,347
2025-08-10 07:15:42,643 - semantic_rag_pipeline - INFO -       Matrix density: 0.00383806
2025-08-10 07:15:42,643 - semantic_rag_pipeline - INFO -    sentence-transformers/all-MiniLM-L6-v2:
2025-08-10 07:15:42,643 - semantic_rag_pipeline - INFO -       Total chunks: 3,899
2025-08-10 07:15:42,643 - semantic_rag_pipeline - INFO -       Intra-document connections: 38,852
2025-08-10 07:15:42,643 - semantic_rag_pipeline - INFO -       Inter-document connections: 19,495
2025-08-10 07:15:42,643 - semantic_rag_pipeline - INFO -       Total connections: 58,347
2025-08-10 07:15:42,643 - semantic_rag_pipeline - INFO -       Sparsity ratio: 0.003839
2025-08-10 07:15:42,643 - semantic_rag_pipeline - INFO -       Memory usage: 0.7 MB
2025-08-10 07:15:42,643 - semantic_rag_pipeline - INFO -       Computation time: 1.45s
2025-08-10 07:15:42,643 - semantic_rag_pipeline - INFO -       Matrix shape: (3899, 3899)
2025-08-10 07:15:42,643 - semantic_rag_pipeline - INFO -       Non-zero entries: 58,347
2025-08-10 07:15:42,643 - semantic_rag_pipeline - INFO -       Matrix density: 0.00383806
2025-08-10 07:15:42,643 - semantic_rag_pipeline - INFO - ✅ Phase 4 completed successfully
2025-08-10 07:15:42,643 - semantic_rag_pipeline - INFO - 🏗️  Starting Phase 5: Knowledge Graph Construction
2025-08-10 07:15:42,643 - semantic_rag_pipeline - INFO - 🔨 Building fresh knowledge graph
2025-08-10 07:15:42,644 - semantic_rag_pipeline - INFO - 🏗️  Building RAGAS-compatible knowledge graph
2025-08-10 07:15:44,922 - semantic_rag_pipeline - INFO - Building sparse relationships...
2025-08-10 07:16:35,400 - semantic_rag_pipeline - INFO - Built 20,702 EntitySimilarityBuilder relationships in 50.48s
2025-08-10 07:16:49,162 - semantic_rag_pipeline - INFO - Built 17,526 ThematicSimilarityBuilder relationships in 13.76s
2025-08-10 07:16:49,164 - semantic_rag_pipeline - INFO - Built 0 EmbeddingSimilarityBuilder relationships in 0.00s
2025-08-10 07:16:49,167 - semantic_rag_pipeline - INFO - Built 3,899 HierarchicalRelationshipBuilder relationships in 0.00s
2025-08-10 07:16:49,173 - semantic_rag_pipeline - INFO - ✅ Knowledge graph built: 3935 nodes, 42127 relationships in 66.53s
2025-08-10 07:16:49,173 - semantic_rag_pipeline - INFO - 💾 Saving knowledge graph to data/knowledge_graph.json
2025-08-10 07:16:49,574 - semantic_rag_pipeline - INFO - 📊 Knowledge Graph Statistics:
2025-08-10 07:16:49,575 - semantic_rag_pipeline - INFO -    Total nodes: 3,935
2025-08-10 07:16:49,575 - semantic_rag_pipeline - INFO -    Total relationships: 42,127
2025-08-10 07:16:49,575 - semantic_rag_pipeline - INFO -    Node types: {'document': 36, 'chunk': 3899}
2025-08-10 07:16:49,575 - semantic_rag_pipeline - INFO -    Relationship types: {'contains': 3899, 'thematic_similarity': 17526, 'entity_similarity': 20702}
2025-08-10 07:16:49,575 - semantic_rag_pipeline - INFO -    Build time: 66.53s
2025-08-10 07:16:49,575 - semantic_rag_pipeline - INFO - 🎯 Initializing enhanced retrieval engine with knowledge graph
2025-08-10 07:16:49,575 - semantic_rag_pipeline - INFO - Initializing retrieval engine with algorithm: semantic_traversal
2025-08-10 07:16:49,588 - semantic_rag_pipeline - INFO - Retrieval engine initialized successfully
2025-08-10 07:16:49,588 - semantic_rag_pipeline - INFO - 📊 Enhanced Retrieval Engine Statistics:
2025-08-10 07:16:49,588 - semantic_rag_pipeline - INFO -    Algorithm: semantic_traversal
2025-08-10 07:16:49,588 - semantic_rag_pipeline - INFO -    Models available: ['sentence-transformers/all-mpnet-base-v2', 'sentence-transformers/all-MiniLM-L6-v2']
2025-08-10 07:16:49,588 - semantic_rag_pipeline - INFO -    Knowledge graph enabled: True
2025-08-10 07:16:49,588 - semantic_rag_pipeline - INFO -    sentence-transformers/all-mpnet-base-v2: 3,899 chunks
2025-08-10 07:16:49,588 - semantic_rag_pipeline - INFO -    sentence-transformers/all-MiniLM-L6-v2: 3,899 chunks
2025-08-10 07:16:49,588 - semantic_rag_pipeline - INFO -    Traversal config:
2025-08-10 07:16:49,588 - semantic_rag_pipeline - INFO -       Max hops: 3
2025-08-10 07:16:49,588 - semantic_rag_pipeline - INFO -       Num anchors: 3
2025-08-10 07:16:49,588 - semantic_rag_pipeline - INFO -       Similarity threshold: 0.3
2025-08-10 07:16:49,588 - semantic_rag_pipeline - INFO -       Max results: 10
2025-08-10 07:16:49,588 - semantic_rag_pipeline - INFO - ✅ Phase 5 completed successfully
2025-08-10 07:16:49,590 - semantic_rag_pipeline - INFO - Retrieving for query using semantic_traversal: 'What is machine learning?...'
2025-08-10 07:16:49,590 - semantic_rag_pipeline - INFO - Using device: mps
2025-08-10 07:16:49,590 - semantic_rag_pipeline - INFO - Loading embedding model: sentence-transformers/all-mpnet-base-v2
2025-08-10 07:16:52,042 - semantic_rag_pipeline - INFO - Model loaded successfully in 2.45s
2025-08-10 07:16:52,042 - semantic_rag_pipeline - INFO - Embedding dimension: 768
2025-08-10 07:16:52,373 - semantic_rag_pipeline - INFO - Found 3 anchor points
2025-08-10 07:16:52,376 - semantic_rag_pipeline - INFO - Collected 12 chunks, 9 unique
2025-08-10 07:16:52,376 - semantic_rag_pipeline - INFO - Using device: mps
2025-08-10 07:16:52,376 - semantic_rag_pipeline - INFO - Loading embedding model: sentence-transformers/all-mpnet-base-v2
2025-08-10 07:16:54,807 - semantic_rag_pipeline - INFO - Model loaded successfully in 2.43s
2025-08-10 07:16:54,808 - semantic_rag_pipeline - INFO - Embedding dimension: 768
2025-08-10 07:16:54,834 - semantic_rag_pipeline - INFO - Semantic traversal completed: 9 results in 5.244s
2025-08-10 07:16:54,834 - semantic_rag_pipeline - INFO - Retrieving for query using baseline_vector: 'What is machine learning?...'
2025-08-10 07:16:54,834 - semantic_rag_pipeline - INFO - Using device: mps
2025-08-10 07:16:54,834 - semantic_rag_pipeline - INFO - Loading embedding model: sentence-transformers/all-mpnet-base-v2
2025-08-10 07:16:56,816 - semantic_rag_pipeline - INFO - Model loaded successfully in 1.98s
2025-08-10 07:16:56,816 - semantic_rag_pipeline - INFO - Embedding dimension: 768
2025-08-10 07:16:56,859 - semantic_rag_pipeline - INFO - Retrieving for query using semantic_traversal: 'How do neural networks work?...'
2025-08-10 07:16:56,859 - semantic_rag_pipeline - INFO - Using device: mps
2025-08-10 07:16:56,859 - semantic_rag_pipeline - INFO - Loading embedding model: sentence-transformers/all-mpnet-base-v2
2025-08-10 07:16:59,118 - semantic_rag_pipeline - INFO - Model loaded successfully in 2.26s
2025-08-10 07:16:59,118 - semantic_rag_pipeline - INFO - Embedding dimension: 768
2025-08-10 07:16:59,192 - semantic_rag_pipeline - INFO - Found 3 anchor points
2025-08-10 07:16:59,194 - semantic_rag_pipeline - INFO - Collected 12 chunks, 4 unique
2025-08-10 07:16:59,194 - semantic_rag_pipeline - INFO - Using device: mps
2025-08-10 07:16:59,194 - semantic_rag_pipeline - INFO - Loading embedding model: sentence-transformers/all-mpnet-base-v2
2025-08-10 07:17:01,266 - semantic_rag_pipeline - INFO - Model loaded successfully in 2.07s
2025-08-10 07:17:01,267 - semantic_rag_pipeline - INFO - Embedding dimension: 768
2025-08-10 07:17:01,320 - semantic_rag_pipeline - INFO - Semantic traversal completed: 4 results in 4.461s
2025-08-10 07:17:01,320 - semantic_rag_pipeline - INFO - Retrieving for query using baseline_vector: 'How do neural networks work?...'
2025-08-10 07:17:01,320 - semantic_rag_pipeline - INFO - Using device: mps
2025-08-10 07:17:01,320 - semantic_rag_pipeline - INFO - Loading embedding model: sentence-transformers/all-mpnet-base-v2
2025-08-10 07:17:03,245 - semantic_rag_pipeline - INFO - Model loaded successfully in 1.92s
2025-08-10 07:17:03,245 - semantic_rag_pipeline - INFO - Embedding dimension: 768
2025-08-10 07:17:03,300 - semantic_rag_pipeline - INFO - Retrieving for query using semantic_traversal: 'What are the applications of artificial intelligen...'
2025-08-10 07:17:03,300 - semantic_rag_pipeline - INFO - Using device: mps
2025-08-10 07:17:03,300 - semantic_rag_pipeline - INFO - Loading embedding model: sentence-transformers/all-mpnet-base-v2
2025-08-10 07:17:05,263 - semantic_rag_pipeline - INFO - Model loaded successfully in 1.96s
2025-08-10 07:17:05,263 - semantic_rag_pipeline - INFO - Embedding dimension: 768
2025-08-10 07:17:05,335 - semantic_rag_pipeline - INFO - Found 3 anchor points
2025-08-10 07:17:05,338 - semantic_rag_pipeline - INFO - Collected 12 chunks, 9 unique
2025-08-10 07:17:05,338 - semantic_rag_pipeline - INFO - Using device: mps
2025-08-10 07:17:05,338 - semantic_rag_pipeline - INFO - Loading embedding model: sentence-transformers/all-mpnet-base-v2
2025-08-10 07:17:07,183 - semantic_rag_pipeline - INFO - Model loaded successfully in 1.84s
2025-08-10 07:17:07,183 - semantic_rag_pipeline - INFO - Embedding dimension: 768
2025-08-10 07:17:07,212 - semantic_rag_pipeline - INFO - Semantic traversal completed: 9 results in 3.912s
2025-08-10 07:17:07,212 - semantic_rag_pipeline - INFO - Retrieving for query using baseline_vector: 'What are the applications of artificial intelligen...'
2025-08-10 07:17:07,212 - semantic_rag_pipeline - INFO - Using device: mps
2025-08-10 07:17:07,212 - semantic_rag_pipeline - INFO - Loading embedding model: sentence-transformers/all-mpnet-base-v2
2025-08-10 07:17:09,312 - semantic_rag_pipeline - INFO - Model loaded successfully in 2.10s
2025-08-10 07:17:09,312 - semantic_rag_pipeline - INFO - Embedding dimension: 768
2025-08-10 07:17:09,360 - semantic_rag_pipeline - INFO - Retrieving for query using semantic_traversal: 'Explain deep learning algorithms...'
2025-08-10 07:17:09,360 - semantic_rag_pipeline - INFO - Using device: mps
2025-08-10 07:17:09,360 - semantic_rag_pipeline - INFO - Loading embedding model: sentence-transformers/all-mpnet-base-v2
2025-08-10 07:17:11,429 - semantic_rag_pipeline - INFO - Model loaded successfully in 2.07s
2025-08-10 07:17:11,430 - semantic_rag_pipeline - INFO - Embedding dimension: 768
2025-08-10 07:17:11,503 - semantic_rag_pipeline - INFO - Found 3 anchor points
2025-08-10 07:17:11,506 - semantic_rag_pipeline - INFO - Collected 12 chunks, 11 unique
2025-08-10 07:17:11,506 - semantic_rag_pipeline - INFO - Using device: mps
2025-08-10 07:17:11,506 - semantic_rag_pipeline - INFO - Loading embedding model: sentence-transformers/all-mpnet-base-v2
2025-08-10 07:17:13,916 - semantic_rag_pipeline - INFO - Model loaded successfully in 2.41s
2025-08-10 07:17:13,917 - semantic_rag_pipeline - INFO - Embedding dimension: 768
2025-08-10 07:17:13,963 - semantic_rag_pipeline - INFO - Semantic traversal completed: 10 results in 4.603s
2025-08-10 07:17:13,963 - semantic_rag_pipeline - INFO - Retrieving for query using baseline_vector: 'Explain deep learning algorithms...'
2025-08-10 07:17:13,963 - semantic_rag_pipeline - INFO - Using device: mps
2025-08-10 07:17:13,963 - semantic_rag_pipeline - INFO - Loading embedding model: sentence-transformers/all-mpnet-base-v2
2025-08-10 07:17:16,678 - semantic_rag_pipeline - INFO - Model loaded successfully in 2.71s
2025-08-10 07:17:16,678 - semantic_rag_pipeline - INFO - Embedding dimension: 768
