2025-08-09 15:00:25,681 - semantic_rag_pipeline - INFO - Logging initialized for experiment: semantic_rag_pipeline_20250809_150025_351ac3ff
2025-08-09 15:00:25,681 - semantic_rag_pipeline - INFO - Config: {'name': 'semantic_rag_pipeline', 'description': 'Semantic graph traversal RAG system', 'version': '1.0.0', 'tags': ['semantic_chunking', 'graph_traversal', 'rag']}
2025-08-09 15:00:25,682 - semantic_rag_pipeline - WARNING - ⚠️  Low memory: 4.3GB available, 8GB recommended
2025-08-09 15:00:25,682 - semantic_rag_pipeline - INFO - System: Darwin arm64
2025-08-09 15:00:25,682 - semantic_rag_pipeline - INFO - Python: 3.12.3 (v3.12.3:f6650f9ad7, Apr  9 2024, 08:18:47) [Clang 13.0.0 (clang-1300.0.29.30)]
2025-08-09 15:00:25,682 - semantic_rag_pipeline - INFO - Memory: 4.3GB available
2025-08-09 15:00:25,682 - semantic_rag_pipeline - INFO - Disk: 34.5GB free
2025-08-09 15:00:25,701 - semantic_rag_pipeline - INFO - Device configured: mps
2025-08-09 15:00:25,701 - semantic_rag_pipeline - INFO - Configuration validation passed
2025-08-09 15:00:25,701 - semantic_rag_pipeline - INFO - Phase 1 completed - Experiment ID: semantic_rag_pipeline_20250809_150025_351ac3ff
2025-08-09 15:00:25,712 - semantic_rag_pipeline - INFO - Loaded 39 cached articles
2025-08-09 15:00:25,712 - semantic_rag_pipeline - INFO -   Sentences: 7,815
2025-08-09 15:00:25,712 - semantic_rag_pipeline - INFO -   Words: 178,196
2025-08-09 15:00:25,712 - semantic_rag_pipeline - INFO - 🧠 Starting Phase 3: Embedding Generation
2025-08-09 15:00:25,712 - semantic_rag_pipeline - INFO - ✂️  Creating chunks from articles
2025-08-09 15:00:25,712 - semantic_rag_pipeline - INFO - Creating sliding window chunks: window_size=3, overlap=1, step_size=2
2025-08-09 15:00:25,724 - semantic_rag_pipeline - INFO - Created 3899 chunks from 39 articles
2025-08-09 15:00:25,733 - semantic_rag_pipeline - INFO - 📊 Chunk Statistics:
2025-08-09 15:00:25,733 - semantic_rag_pipeline - INFO -    Total chunks: 3,899
2025-08-09 15:00:25,733 - semantic_rag_pipeline - INFO -    From articles: 36
2025-08-09 15:00:25,733 - semantic_rag_pipeline - INFO -    Avg chunks/article: 108.3
2025-08-09 15:00:25,733 - semantic_rag_pipeline - INFO -    Avg words/chunk: 63.1
2025-08-09 15:00:25,733 - semantic_rag_pipeline - INFO -    Avg sentences/chunk: 3.0
2025-08-09 15:00:25,733 - semantic_rag_pipeline - INFO - ✨ Generating embeddings for all models
2025-08-09 15:00:25,733 - semantic_rag_pipeline - INFO - EmbeddingEngine initialized with device: mps
2025-08-09 15:00:25,733 - semantic_rag_pipeline - INFO - Processing model: sentence-transformers/all-mpnet-base-v2
2025-08-09 15:00:26,477 - semantic_rag_pipeline - INFO - Loading cached embeddings for sentence-transformers/all-mpnet-base-v2
2025-08-09 15:00:27,250 - semantic_rag_pipeline - INFO - Processing model: sentence-transformers/all-MiniLM-L6-v2
2025-08-09 15:00:27,597 - semantic_rag_pipeline - INFO - Loading cached embeddings for sentence-transformers/all-MiniLM-L6-v2
2025-08-09 15:00:28,002 - semantic_rag_pipeline - INFO - 📈 Embedding Statistics:
2025-08-09 15:00:28,002 - semantic_rag_pipeline - INFO -    sentence-transformers/all-mpnet-base-v2:
2025-08-09 15:00:28,002 - semantic_rag_pipeline - INFO -       Chunks: 3,899
2025-08-09 15:00:28,002 - semantic_rag_pipeline - INFO -       Dimensions: 768
2025-08-09 15:00:28,002 - semantic_rag_pipeline - INFO -       Mean norm: 1.000
2025-08-09 15:00:28,002 - semantic_rag_pipeline - INFO -       Std norm: 0.000
2025-08-09 15:00:28,002 - semantic_rag_pipeline - INFO -    sentence-transformers/all-MiniLM-L6-v2:
2025-08-09 15:00:28,002 - semantic_rag_pipeline - INFO -       Chunks: 3,899
2025-08-09 15:00:28,002 - semantic_rag_pipeline - INFO -       Dimensions: 384
2025-08-09 15:00:28,002 - semantic_rag_pipeline - INFO -       Mean norm: 1.000
2025-08-09 15:00:28,002 - semantic_rag_pipeline - INFO -       Std norm: 0.000
2025-08-09 15:00:28,002 - semantic_rag_pipeline - INFO - ✅ Phase 3 completed successfully
2025-08-09 15:00:28,002 - semantic_rag_pipeline - INFO - 🕰 Starting Phase 4: Similarity Matrix Construction
2025-08-09 15:00:28,002 - semantic_rag_pipeline - INFO - 🔗 Initializing similarity engine
2025-08-09 15:00:28,002 - semantic_rag_pipeline - INFO - 🎯 Computing similarity matrices for 2 models
2025-08-09 15:00:28,002 - semantic_rag_pipeline - INFO - Computing similarities for model: sentence-transformers/all-mpnet-base-v2
2025-08-09 15:00:28,005 - semantic_rag_pipeline - INFO - Loading cached similarities for sentence-transformers/all-mpnet-base-v2
2025-08-09 15:00:28,011 - semantic_rag_pipeline - INFO - Successfully loaded 3 similarity matrices from cache
2025-08-09 15:00:28,011 - semantic_rag_pipeline - INFO - Computing similarities for model: sentence-transformers/all-MiniLM-L6-v2
2025-08-09 15:00:28,012 - semantic_rag_pipeline - INFO - Loading cached similarities for sentence-transformers/all-MiniLM-L6-v2
2025-08-09 15:00:28,017 - semantic_rag_pipeline - INFO - Successfully loaded 3 similarity matrices from cache
2025-08-09 15:00:28,017 - semantic_rag_pipeline - INFO - 📊 Similarity Matrix Statistics:
2025-08-09 15:00:28,017 - semantic_rag_pipeline - INFO -    sentence-transformers/all-mpnet-base-v2:
2025-08-09 15:00:28,017 - semantic_rag_pipeline - INFO -       Total chunks: 3,899
2025-08-09 15:00:28,017 - semantic_rag_pipeline - INFO -       Intra-document connections: 38,852
2025-08-09 15:00:28,018 - semantic_rag_pipeline - INFO -       Inter-document connections: 19,495
2025-08-09 15:00:28,018 - semantic_rag_pipeline - INFO -       Total connections: 58,347
2025-08-09 15:00:28,018 - semantic_rag_pipeline - INFO -       Sparsity ratio: 0.003839
2025-08-09 15:00:28,018 - semantic_rag_pipeline - INFO -       Memory usage: 0.7 MB
2025-08-09 15:00:28,018 - semantic_rag_pipeline - INFO -       Computation time: 1.51s
2025-08-09 15:00:28,018 - semantic_rag_pipeline - INFO -       Matrix shape: (3899, 3899)
2025-08-09 15:00:28,018 - semantic_rag_pipeline - INFO -       Non-zero entries: 58,347
2025-08-09 15:00:28,018 - semantic_rag_pipeline - INFO -       Matrix density: 0.00383806
2025-08-09 15:00:28,018 - semantic_rag_pipeline - INFO -    sentence-transformers/all-MiniLM-L6-v2:
2025-08-09 15:00:28,018 - semantic_rag_pipeline - INFO -       Total chunks: 3,899
2025-08-09 15:00:28,018 - semantic_rag_pipeline - INFO -       Intra-document connections: 38,852
2025-08-09 15:00:28,018 - semantic_rag_pipeline - INFO -       Inter-document connections: 19,495
2025-08-09 15:00:28,018 - semantic_rag_pipeline - INFO -       Total connections: 58,347
2025-08-09 15:00:28,018 - semantic_rag_pipeline - INFO -       Sparsity ratio: 0.003839
2025-08-09 15:00:28,018 - semantic_rag_pipeline - INFO -       Memory usage: 0.7 MB
2025-08-09 15:00:28,018 - semantic_rag_pipeline - INFO -       Computation time: 1.45s
2025-08-09 15:00:28,018 - semantic_rag_pipeline - INFO -       Matrix shape: (3899, 3899)
2025-08-09 15:00:28,018 - semantic_rag_pipeline - INFO -       Non-zero entries: 58,347
2025-08-09 15:00:28,018 - semantic_rag_pipeline - INFO -       Matrix density: 0.00383806
2025-08-09 15:00:28,018 - semantic_rag_pipeline - INFO - ✅ Phase 4 completed successfully
2025-08-09 15:00:28,018 - semantic_rag_pipeline - INFO - 🕰 Starting Phase 5: Retrieval Graph Construction
2025-08-09 15:00:28,018 - semantic_rag_pipeline - INFO - 🎯 Initializing retrieval engine
2025-08-09 15:00:28,018 - semantic_rag_pipeline - INFO - Initializing retrieval engine with algorithm: semantic_traversal
2025-08-09 15:00:28,028 - semantic_rag_pipeline - INFO - Retrieval engine initialized successfully
2025-08-09 15:00:28,028 - semantic_rag_pipeline - INFO - 📊 Retrieval Engine Statistics:
2025-08-09 15:00:28,028 - semantic_rag_pipeline - INFO -    Algorithm: semantic_traversal
2025-08-09 15:00:28,028 - semantic_rag_pipeline - INFO -    Models available: ['sentence-transformers/all-mpnet-base-v2', 'sentence-transformers/all-MiniLM-L6-v2']
2025-08-09 15:00:28,028 - semantic_rag_pipeline - INFO -    sentence-transformers/all-mpnet-base-v2: 3,899 chunks
2025-08-09 15:00:28,028 - semantic_rag_pipeline - INFO -    sentence-transformers/all-MiniLM-L6-v2: 3,899 chunks
2025-08-09 15:00:28,028 - semantic_rag_pipeline - INFO -    Traversal config:
2025-08-09 15:00:28,028 - semantic_rag_pipeline - INFO -       Max hops: 3
2025-08-09 15:00:28,028 - semantic_rag_pipeline - INFO -       Num anchors: 3
2025-08-09 15:00:28,028 - semantic_rag_pipeline - INFO -       Similarity threshold: 0.3
2025-08-09 15:00:28,028 - semantic_rag_pipeline - INFO -       Max results: 10
2025-08-09 15:00:28,028 - semantic_rag_pipeline - INFO - ✅ Phase 5 completed successfully
2025-08-09 15:00:28,028 - semantic_rag_pipeline - INFO - 📊 Starting Phase 6: Dataset Generation
2025-08-09 15:00:28,028 - semantic_rag_pipeline - INFO - 📈 Initializing dataset engine
2025-08-09 15:00:28,028 - semantic_rag_pipeline - WARNING - ⚠️  Failed to initialize real RAGAS generator: RAGAS library not available. Please install: pip install ragas>=0.1.0
2025-08-09 15:00:28,028 - semantic_rag_pipeline - WARNING - Will use fallback custom generator for RAGAS questions
2025-08-09 15:00:28,048 - semantic_rag_pipeline - INFO - 📝 Generating evaluation dataset
2025-08-09 15:00:28,049 - semantic_rag_pipeline - INFO - Loading cached dataset
2025-08-09 15:00:28,049 - semantic_rag_pipeline - INFO - 📊 Dataset Generation Statistics:
2025-08-09 15:00:28,049 - semantic_rag_pipeline - INFO -    Total questions: 150
2025-08-09 15:00:28,049 - semantic_rag_pipeline - INFO -    By generation method:
2025-08-09 15:00:28,049 - semantic_rag_pipeline - INFO -       custom_fallback: 150
2025-08-09 15:00:28,049 - semantic_rag_pipeline - INFO -    By question type:
2025-08-09 15:00:28,049 - semantic_rag_pipeline - INFO -       conceptual_relationships: 150
2025-08-09 15:00:28,049 - semantic_rag_pipeline - INFO -    By expected advantage:
2025-08-09 15:00:28,049 - semantic_rag_pipeline - INFO -       semantic_traversal: 150
2025-08-09 15:00:28,049 - semantic_rag_pipeline - INFO -    By difficulty:
2025-08-09 15:00:28,049 - semantic_rag_pipeline - INFO -       medium: 150
2025-08-09 15:00:28,049 - semantic_rag_pipeline - INFO -    Question length: avg=66, min=43, max=89
2025-08-09 15:00:28,049 - semantic_rag_pipeline - INFO -    Sample questions:
2025-08-09 15:00:28,049 - semantic_rag_pipeline - INFO -       1. [conceptual_relationships] Explain the relationship between machine learning and computer vision.
2025-08-09 15:00:28,049 - semantic_rag_pipeline - INFO -          Expected advantage: semantic_traversal
2025-08-09 15:00:28,049 - semantic_rag_pipeline - INFO -       2. [conceptual_relationships] What is the connection between algorithms and artificial intelligence?
2025-08-09 15:00:28,049 - semantic_rag_pipeline - INFO -          Expected advantage: semantic_traversal
2025-08-09 15:00:28,049 - semantic_rag_pipeline - INFO -       3. [conceptual_relationships] How does machine learning relate to artificial intelligence?
2025-08-09 15:00:28,049 - semantic_rag_pipeline - INFO -          Expected advantage: semantic_traversal
2025-08-09 15:00:28,049 - semantic_rag_pipeline - INFO - ✅ Phase 6 completed successfully
2025-08-09 15:00:28,049 - semantic_rag_pipeline - INFO - 📊 Starting Phase 6: Dataset Generation
2025-08-09 15:00:28,049 - semantic_rag_pipeline - INFO - 📈 Initializing dataset engine
2025-08-09 15:00:28,049 - semantic_rag_pipeline - WARNING - ⚠️  Failed to initialize real RAGAS generator: RAGAS library not available. Please install: pip install ragas>=0.1.0
2025-08-09 15:00:28,049 - semantic_rag_pipeline - WARNING - Will use fallback custom generator for RAGAS questions
2025-08-09 15:00:28,069 - semantic_rag_pipeline - INFO - 📝 Generating evaluation dataset
2025-08-09 15:00:28,069 - semantic_rag_pipeline - INFO - Loading cached dataset
2025-08-09 15:00:28,070 - semantic_rag_pipeline - INFO - 📊 Dataset Generation Statistics:
2025-08-09 15:00:28,070 - semantic_rag_pipeline - INFO -    Total questions: 150
2025-08-09 15:00:28,070 - semantic_rag_pipeline - INFO -    By generation method:
2025-08-09 15:00:28,070 - semantic_rag_pipeline - INFO -       custom_fallback: 150
2025-08-09 15:00:28,070 - semantic_rag_pipeline - INFO -    By question type:
2025-08-09 15:00:28,070 - semantic_rag_pipeline - INFO -       conceptual_relationships: 150
2025-08-09 15:00:28,070 - semantic_rag_pipeline - INFO -    By expected advantage:
2025-08-09 15:00:28,070 - semantic_rag_pipeline - INFO -       semantic_traversal: 150
2025-08-09 15:00:28,070 - semantic_rag_pipeline - INFO -    By difficulty:
2025-08-09 15:00:28,070 - semantic_rag_pipeline - INFO -       medium: 150
2025-08-09 15:00:28,070 - semantic_rag_pipeline - INFO -    Question length: avg=66, min=43, max=89
2025-08-09 15:00:28,070 - semantic_rag_pipeline - INFO -    Sample questions:
2025-08-09 15:00:28,070 - semantic_rag_pipeline - INFO -       1. [conceptual_relationships] Explain the relationship between machine learning and computer vision.
2025-08-09 15:00:28,070 - semantic_rag_pipeline - INFO -          Expected advantage: semantic_traversal
2025-08-09 15:00:28,070 - semantic_rag_pipeline - INFO -       2. [conceptual_relationships] What is the connection between algorithms and artificial intelligence?
2025-08-09 15:00:28,070 - semantic_rag_pipeline - INFO -          Expected advantage: semantic_traversal
2025-08-09 15:00:28,070 - semantic_rag_pipeline - INFO -       3. [conceptual_relationships] How does machine learning relate to artificial intelligence?
2025-08-09 15:00:28,070 - semantic_rag_pipeline - INFO -          Expected advantage: semantic_traversal
2025-08-09 15:00:28,070 - semantic_rag_pipeline - INFO - ✅ Phase 6 completed successfully
